<?xml version="1.0" encoding="UTF-8"?>
<testsuite xmlns:xsi="http://www.w3.org/2001/XMLSchema-instance" xsi:noNamespaceSchemaLocation="https://maven.apache.org/surefire/maven-surefire-plugin/xsd/surefire-test-report-3.0.xsd" version="3.0" name="runners.TestRunner" time="51.332" tests="5" errors="0" skipped="0" failures="0">
  <properties>
[...]
</properties>
  <testcase name="runScenario[&quot;Get token from API&quot;, &quot;API Login&quot;](1)" classname="runners.TestRunner" time="11.962">
    <system-out><![CDATA[Feature file generated successfully

@api
Scenario: Get token from API                               # src/test/resources/features/api.feature:4
Response Body: {"responseCode": 201, "message": "User created!"}
  Given API signup is triggered                            # stepdefinitions.ApiSteps.api_signup()
Response Code (API): 201
Message: User created!
  Then API response should be success                      # stepdefinitions.ApiSteps.validate_response()
Running JMeter...
Threshold: 2500 ms
WARN StatusConsoleListener The use of package scanning to locate plugins is deprecated and will be removed in a future release
WARN StatusConsoleListener The use of package scanning to locate plugins is deprecated and will be removed in a future release
WARN StatusConsoleListener The use of package scanning to locate plugins is deprecated and will be removed in a future release
WARN StatusConsoleListener The use of package scanning to locate plugins is deprecated and will be removed in a future release
Creating summariser <summary>
Created the tree successfully using C:\Users\debi2\OneDrive\Desktop\debadrita-debashis-chattopadhyay\MCP\CapstoneProject/src/test/resources/jmeter/login.jmx
Starting standalone test @ 2026 Apr 23 00:58:54 IST (1776886134463)
Waiting for possible Shutdown/StopTestNow/HeapDump/ThreadDump message on port 4445
summary =     10 in 00:00:05 =    1.9/s Avg:   798 Min:   584 Max:  1419 Err:     0 (0.00%)
Tidying up ...    @ 2026 Apr 23 00:58:59 IST (1776886139788)
... end of run
JMeter Exit Code: 0
Average Response Time: 798 ms
Performance PASSED
  Then performance test is executed with threshold 2500 ms # stepdefinitions.PerfSteps.runPerformanceTest(int)
]]></system-out>
    <system-err><![CDATA[SLF4J: Failed to load class "org.slf4j.impl.StaticLoggerBinder".
SLF4J: Defaulting to no-operation (NOP) logger implementation
SLF4J: See http://www.slf4j.org/codes.html#StaticLoggerBinder for further details.
ERROR StatusLogger Log4j2 could not find a logging implementation. Please add log4j-core to the classpath. Using SimpleLogger to log to the console...
]]></system-err>
  </testcase>
  <testcase name="runScenario[&quot;Login with testuser1485@example.com&quot;, &quot;Login Test&quot;](2)" classname="runners.TestRunner" time="16.476">
    <system-out><![CDATA[
@ui
Scenario: Login with testuser1485@example.com                                  # src/test/resources/features/login.feature:4
Browser started
  Given user is on login page                                                  # stepdefinitions.LoginSteps.open()
  When user enters username "testuser1485@example.com" and password "Test@123" # stepdefinitions.LoginSteps.login(java.lang.String,java.lang.String)
  Then login should be "success"                                               # stepdefinitions.LoginSteps.validate_login(java.lang.String)
Browser closed
]]></system-out>
    <system-err><![CDATA[Apr 23, 2026 12:59:05 AM org.openqa.selenium.devtools.CdpVersionFinder findNearestMatch
WARNING: Unable to find CDP implementation matching 147
Apr 23, 2026 12:59:05 AM org.openqa.selenium.chromium.ChromiumDriver lambda$new$5
WARNING: Unable to find version of CDP to use for 147.0.7727.102. You may need to include a dependency on a specific version of the CDP using something similar to `org.seleniumhq.selenium:selenium-devtools-v86:4.20.0` where the version ("v86") matches the version of the chromium-based browser you're using and the version number of the artifact is the same as Selenium's.
]]></system-err>
  </testcase>
  <testcase name="runScenario[&quot;Login with wronguser@mail.com&quot;, &quot;Login Test&quot;](3)" classname="runners.TestRunner" time="5.355">
    <system-out><![CDATA[
@ui
Scenario: Login with wronguser@mail.com                                  # src/test/resources/features/login.feature:9
Browser started
  Given user is on login page                                            # stepdefinitions.LoginSteps.open()
  When user enters username "wronguser@mail.com" and password "wrong123" # stepdefinitions.LoginSteps.login(java.lang.String,java.lang.String)
  Then login should be "failure"                                         # stepdefinitions.LoginSteps.validate_login(java.lang.String)
Browser closed
]]></system-out>
    <system-err><![CDATA[Apr 23, 2026 12:59:19 AM org.openqa.selenium.devtools.CdpVersionFinder findNearestMatch
WARNING: Unable to find CDP implementation matching 147
Apr 23, 2026 12:59:19 AM org.openqa.selenium.chromium.ChromiumDriver lambda$new$5
WARNING: Unable to find version of CDP to use for 147.0.7727.102. You may need to include a dependency on a specific version of the CDP using something similar to `org.seleniumhq.selenium:selenium-devtools-v86:4.20.0` where the version ("v86") matches the version of the chromium-based browser you're using and the version number of the artifact is the same as Selenium's.
]]></system-err>
  </testcase>
  <testcase name="runScenario[&quot;Login with user1@automation.com&quot;, &quot;Login Test&quot;](4)" classname="runners.TestRunner" time="5.033">
    <system-out><![CDATA[
@ui
Scenario: Login with user1@automation.com                                   # src/test/resources/features/login.feature:14
Browser started
  Given user is on login page                                               # stepdefinitions.LoginSteps.open()
  When user enters username "user1@automation.com" and password "password1" # stepdefinitions.LoginSteps.login(java.lang.String,java.lang.String)
  Then login should be "failure"                                            # stepdefinitions.LoginSteps.validate_login(java.lang.String)
Browser closed
]]></system-out>
    <system-err><![CDATA[Apr 23, 2026 12:59:24 AM org.openqa.selenium.devtools.CdpVersionFinder findNearestMatch
WARNING: Unable to find CDP implementation matching 147
Apr 23, 2026 12:59:24 AM org.openqa.selenium.chromium.ChromiumDriver lambda$new$5
WARNING: Unable to find version of CDP to use for 147.0.7727.102. You may need to include a dependency on a specific version of the CDP using something similar to `org.seleniumhq.selenium:selenium-devtools-v86:4.20.0` where the version ("v86") matches the version of the chromium-based browser you're using and the version number of the artifact is the same as Selenium's.
]]></system-err>
  </testcase>
  <testcase name="runScenario[&quot;Login with usertest1485@example.com&quot;, &quot;Login Test&quot;](5)" classname="runners.TestRunner" time="10.839">
    <system-out><![CDATA[
@ui
Scenario: Login with usertest1485@example.com                                  # src/test/resources/features/login.feature:19
Browser started
  Given user is on login page                                                  # stepdefinitions.LoginSteps.open()
  When user enters username "usertest1485@example.com" and password "Test@123" # stepdefinitions.LoginSteps.login(java.lang.String,java.lang.String)
  Then login should be "success"                                               # stepdefinitions.LoginSteps.validate_login(java.lang.String)
Browser closed
]]></system-out>
    <system-err><![CDATA[Apr 23, 2026 12:59:29 AM org.openqa.selenium.devtools.CdpVersionFinder findNearestMatch
WARNING: Unable to find CDP implementation matching 147
Apr 23, 2026 12:59:29 AM org.openqa.selenium.chromium.ChromiumDriver lambda$new$5
WARNING: Unable to find version of CDP to use for 147.0.7727.102. You may need to include a dependency on a specific version of the CDP using something similar to `org.seleniumhq.selenium:selenium-devtools-v86:4.20.0` where the version ("v86") matches the version of the chromium-based browser you're using and the version number of the artifact is the same as Selenium's.
]]></system-err>
  </testcase>
</testsuite>