<?xml version="1.0" encoding="UTF-8"?>
<!-- Generated by org.testng.reporters.JUnitReportReporter -->
<testsuite hostname="LAPTOP-VU4Q2S43" failures="0" tests="5" name="runners.TestRunner" time="49.659" errors="0" timestamp="2026-04-23T00:59:39 IST" skipped="0">
  <testcase classname="runners.TestRunner" name="runScenario" time="16.480"/>
  <testcase classname="runners.TestRunner" name="runScenario" time="11.960"/>
  <testcase classname="runners.TestRunner" name="runScenario" time="5.060"/>
  <testcase classname="runners.TestRunner" name="runScenario" time="5.324"/>
  <testcase classname="runners.TestRunner" name="runScenario" time="10.835"/>
</testsuite> <!-- runners.TestRunner -->
